2025-05-17 16:06:19,136 - __main__ - INFO - Initializing FastAPI application...
2025-05-17 16:06:19,136 - __main__ - INFO - CORS middleware configured
2025-05-17 16:06:19,137 - __main__ - INFO - Global state initialized
2025-05-17 16:06:19,169 - __main__ - INFO - Starting FastAPI server...
2025-05-17 16:06:19,170 - asyncio - DEBUG - Using selector: KqueueSelector
2025-05-17 16:06:34,928 - __main__ - INFO - Received new chat request: task='Design a 50â€‘aa stapled Î±â€‘helix that binds MDM2' config={'maxIterations': 3}
2025-05-17 16:06:34,929 - __main__ - INFO - Generated request ID: 7864bb68-ed4a-4942-9625-da91a0d9087e
2025-05-17 16:06:34,929 - __main__ - DEBUG - Initializing new ProteinDesignAgent
2025-05-17 16:06:34,929 - agent - INFO - Initializing ProteinDesignAgent
2025-05-17 16:06:34,929 - agent - DEBUG - Session ID: b03e710d-2675-43a4-92b0-ba619c9e9d62
2025-05-17 16:06:34,929 - agent - DEBUG - AlphaFold MCP URL: http://localhost:8000
2025-05-17 16:06:34,929 - agent - DEBUG - ESMFold MCP URL: None
2025-05-17 16:06:34,929 - agent - INFO - ProteinDesignAgent initialized successfully
2025-05-17 16:06:34,929 - __main__ - DEBUG - Setting agent configuration: {'maxIterations': 3}
2025-05-17 16:06:34,929 - __main__ - INFO - Request stored successfully. Active agents: 1
2025-05-17 16:06:34,938 - __main__ - INFO - New WebSocket connection request for request_id: 7864bb68-ed4a-4942-9625-da91a0d9087e
2025-05-17 16:06:34,939 - __main__ - INFO - WebSocket connection accepted for request_id: 7864bb68-ed4a-4942-9625-da91a0d9087e
2025-05-17 16:06:34,939 - __main__ - DEBUG - Active connections: 1
2025-05-17 16:06:34,939 - __main__ - INFO - Processing request: Design a 50â€‘aa stapled Î±â€‘helix that binds MDM2
2025-05-17 16:06:34,939 - __main__ - DEBUG - Using configuration: {'maxIterations': 3}
2025-05-17 16:06:34,939 - agent - INFO - Starting protein design process
2025-05-17 16:06:34,939 - agent - DEBUG - Configuration: {'maxIterations': 3}
2025-05-17 16:06:34,939 - agent - INFO - Sending initial status update
2025-05-17 16:06:34,939 - __main__ - DEBUG - Sending update for request_id: 7864bb68-ed4a-4942-9625-da91a0d9087e
2025-05-17 16:06:34,940 - __main__ - DEBUG - Update content: {'type': 'status', 'content': 'Starting protein design process...', 'data': {'stage': 'initialization', 'status': 'in_progress'}}
2025-05-17 16:06:34,942 - agent - INFO - Starting initial planning with LLM
2025-05-17 16:06:34,942 - __main__ - DEBUG - Sending update for request_id: 7864bb68-ed4a-4942-9625-da91a0d9087e
2025-05-17 16:06:34,942 - __main__ - DEBUG - Update content: {'type': 'prompt', 'content': '\n            I need your help with this protein design task: "Design a 50â€‘aa stapled Î±â€‘helix that binds MDM2"\n            \n            First, analyze this request and create a plan:\n            1. What are the key requirements and constraints?\n            2. What approach will you take to design this protein?\n            3. What information do you need to search for in literature?\n            4. What initial sequences would you propose to test?\n            \n            Please generate 2-3 initial amino acid sequences that meet these requirements.\n            For each sequence, explain your design rationale.\n            ', 'data': {'stage': 'planning', 'prompt_type': 'initial_planning'}}
2025-05-17 16:06:34,942 - agent - INFO - Querying LLM asynchronously
2025-05-17 16:06:34,942 - agent - DEBUG - Getting system prompt
2025-05-17 16:06:34,942 - agent - DEBUG - Making async API call to Claude
2025-05-17 16:06:58,848 - agent - DEBUG - Received async response: Here is my analysis of the protein design task to design a 50 amino acid stapled Î±â€‘helix that binds MDM2:

1. Key requirements and constraints:
- The protein must be a stapled Î±â€‘helix. Stapling stabilizes the helical conformation. 
- The length must be exactly 50 amino acids long.
- The protein must bind to MDM2. MDM2 is a regulatory protein that binds and inhibits the p53 tumor suppressor.
- Binding affinity for MDM2 should be optimized. A Kd in the low nanomolar range would be desirable.

2. Approach to design the protein:
- Use natural MDM2-binding sequences as a starting template, such as the p53 transactivation domain.
- Extend or truncate the sequence to exactly 50 residues while preserving key MDM2 binding residues.
- Incorporate staple sites (olefin bearing amino acids) at i, i+4 positions to stabilize helicity. 
- Optimize other residues for helical propensity, solubility, and MDM2 binding using iterative design.
- Assess designs using structure prediction and protein-protein docking models.

3. Information to search for in literature: 
- High-resolution structures of MDM2 bound to p53-derived peptides and stapled peptide inhibitors
- Key hotspot residues on p53 and MDM2 that mediate binding
- Successful examples of stapled peptides targeting MDM2
- Promising stapling strategies and linker chemistries

4. Initial sequences to test:
Based on the p53 TAD sequence with staple sites incorporated:

Sequence 1:
SQETFSDLWKLLPENNVLSPLPSQAMDDLMLSPDDIEQWFXTDPGPDE
Rationale: Natural p53 residues 18-26 extended on both ends to 50aa. Staple site at T27, S31. 

Sequence 2: 
LTXEEYLDLQTFXEEDLNEALELKDAQAGKEPGGSRAHSSHLKSKKGQS
Rationale: Natural p53 residues 22-37 with staple at L26, Q30. Extended C-term for length and charge balance.

Sequence 3:
QSQPTYPGLDXEGQFYSRLKEXYTSLWKLLPPENNVLSPLPSQAMDDLM 
Rationale: Combines N-term of seq 2 with C-term of seq 1. Staple moved to L10, R14.

X = Stapling amino acid
Next step: Predict structures and assess MDM2 binding of these initial designs to guide further optimization.
2025-05-17 16:06:58,849 - agent - INFO - Async LLM query completed successfully
2025-05-17 16:06:58,850 - __main__ - DEBUG - Sending update for request_id: 7864bb68-ed4a-4942-9625-da91a0d9087e
2025-05-17 16:06:58,850 - __main__ - DEBUG - Update content: {'type': 'response', 'content': 'Here is my analysis of the protein design task to design a 50 amino acid stapled Î±â€‘helix that binds MDM2:\n\n1. Key requirements and constraints:\n- The protein must be a stapled Î±â€‘helix. Stapling stabilizes the helical conformation. \n- The length must be exactly 50 amino acids long.\n- The protein must bind to MDM2. MDM2 is a regulatory protein that binds and inhibits the p53 tumor suppressor.\n- Binding affinity for MDM2 should be optimized. A Kd in the low nanomolar range would be desirable.\n\n2. Approach to design the protein:\n- Use natural MDM2-binding sequences as a starting template, such as the p53 transactivation domain.\n- Extend or truncate the sequence to exactly 50 residues while preserving key MDM2 binding residues.\n- Incorporate staple sites (olefin bearing amino acids) at i, i+4 positions to stabilize helicity. \n- Optimize other residues for helical propensity, solubility, and MDM2 binding using iterative design.\n- Assess designs using structure prediction and protein-protein docking models.\n\n3. Information to search for in literature: \n- High-resolution structures of MDM2 bound to p53-derived peptides and stapled peptide inhibitors\n- Key hotspot residues on p53 and MDM2 that mediate binding\n- Successful examples of stapled peptides targeting MDM2\n- Promising stapling strategies and linker chemistries\n\n4. Initial sequences to test:\nBased on the p53 TAD sequence with staple sites incorporated:\n\nSequence 1:\nSQETFSDLWKLLPENNVLSPLPSQAMDDLMLSPDDIEQWFXTDPGPDE\nRationale: Natural p53 residues 18-26 extended on both ends to 50aa. Staple site at T27, S31. \n\nSequence 2: \nLTXEEYLDLQTFXEEDLNEALELKDAQAGKEPGGSRAHSSHLKSKKGQS\nRationale: Natural p53 residues 22-37 with staple at L26, Q30. Extended C-term for length and charge balance.\n\nSequence 3:\nQSQPTYPGLDXEGQFYSRLKEXYTSLWKLLPPENNVLSPLPSQAMDDLM \nRationale: Combines N-term of seq 2 with C-term of seq 1. Staple moved to L10, R14.\n\nX = Stapling amino acid\nNext step: Predict structures and assess MDM2 binding of these initial designs to guide further optimization.', 'data': {'stage': 'planning', 'response_type': 'initial_planning'}}
2025-05-17 16:06:58,852 - agent - INFO - Extracting initial sequences
2025-05-17 16:06:58,852 - agent - DEBUG - Extracting sequences from text (first 100 chars): Here is my analysis of the protein design task to design a 50 amino acid stapled Î±â€‘helix that binds ...
2025-05-17 16:06:58,853 - agent - DEBUG - Extracted 0 sequences: []
2025-05-17 16:06:58,854 - agent - WARNING - No sequences found in initial response, using default
2025-05-17 16:06:58,854 - agent - INFO - Starting with 1 sequences
2025-05-17 16:06:58,854 - agent - INFO - Starting iteration 1/3
2025-05-17 16:06:58,854 - __main__ - DEBUG - Sending update for request_id: 7864bb68-ed4a-4942-9625-da91a0d9087e
2025-05-17 16:06:58,854 - __main__ - DEBUG - Update content: {'type': 'iteration', 'content': 'Starting iteration 1/3', 'data': {'iteration': 1, 'total_iterations': 3, 'status': 'in_progress'}}
2025-05-17 16:06:58,855 - agent - INFO - Predicting structure for sequence: ALELAELALE...
2025-05-17 16:06:58,856 - agent - DEBUG - [91m[ProteinDesignAgent] STRUCTURE PREDICTION for: ALELAELALE...[0m
2025-05-17 16:06:58,856 - agent - DEBUG - Simulating structure prediction
2025-05-17 16:06:58,856 - agent - DEBUG - [92m[ProteinDesignAgent] Structure prediction complete with confidence: 0.8[0m
2025-05-17 16:06:58,856 - agent - DEBUG - Structure result: {'sequence': 'ALELAELALELAELALELAELALELAELALELAELALELAELALELAEL', 'pdb_url': 'https://example.com/pdb/1.pdb', 'confidence': 0.8, 'visualization_url': 'https://example.com/viz/1.png'}
2025-05-17 16:06:58,856 - agent - INFO - Predicting binding for sequence: ALELAELALE... with target: MDM2
2025-05-17 16:06:58,856 - agent - DEBUG - [91m[ProteinDesignAgent] BINDING PREDICTION for: ALELAELALE... to MDM2[0m
2025-05-17 16:06:58,856 - agent - DEBUG - Simulating binding prediction
2025-05-17 16:06:58,856 - agent - DEBUG - [92m[ProteinDesignAgent] Binding prediction complete, score: 0.55[0m
2025-05-17 16:06:58,856 - agent - INFO - Binding prediction complete with score: 0.55
2025-05-17 16:06:58,856 - __main__ - DEBUG - Sending update for request_id: 7864bb68-ed4a-4942-9625-da91a0d9087e
2025-05-17 16:06:58,857 - __main__ - DEBUG - Update content: {'type': 'iteration_results', 'content': 'Completed iteration 1', 'data': {'iteration': 1, 'results': [{'sequence': 'ALELAELALELAELALELAELALELAELALELAELALELAELALELAEL', 'structure': {'sequence': 'ALELAELALELAELALELAELALELAELALELAELALELAELALELAEL', 'pdb_url': 'https://example.com/pdb/1.pdb', 'confidence': 0.8, 'visualization_url': 'https://example.com/viz/1.png'}, 'binding_score': 0.55}], 'best_sequence': 'ALELAELALELAELALELAELALELAELALELAELALELAELALELAEL', 'best_score': 0.55}}
2025-05-17 16:06:58,859 - __main__ - DEBUG - Sending update for request_id: 7864bb68-ed4a-4942-9625-da91a0d9087e
2025-05-17 16:06:58,860 - __main__ - DEBUG - Update content: {'type': 'prompt', 'content': "\n                I've completed iteration 1 of the protein design process.\n                \n                Results:\n                - Sequences tested: 1\n                - Best binding score: 0.55\n                - Best sequence so far: ALELAELALELAELALELAELALELAELALELAELALELAELALELAEL\n                \n                Based on these results, please:\n                1. Analyze what's working and what could be improved\n                2. Suggest refinements to make for the next iteration\n                3. Generate 1 new refined sequences that might perform better\n                \n                Remember that the goal is to design a 50â€‘aa stapled Î±â€‘helix that binds MDM2\n                ", 'data': {'stage': 'refinement', 'prompt_type': 'iteration_analysis', 'iteration': 1}}
2025-05-17 16:06:58,861 - agent - INFO - Querying LLM asynchronously
2025-05-17 16:06:58,861 - agent - DEBUG - Using 2 messages from history
2025-05-17 16:06:58,861 - agent - DEBUG - Getting system prompt
2025-05-17 16:06:58,861 - agent - DEBUG - Making async API call to Claude
2025-05-17 16:07:18,304 - agent - DEBUG - Received async response: Thank you for sharing the results from the first iteration of protein design. Let's analyze the outcomes and plan our next steps:

1. Analysis of iteration 1:
- The tested sequence ALELAELALELAELALELAELALELAELALELAELALELAELALELAEL is composed entirely of alanine (A), leucine (L), and glutamic acid (E) residues. While this sequence may form an Î±-helix due to the high content of helix-favoring alanine and leucine, it lacks specific binding motifs for MDM2.
- The binding score of 0.55 suggests relatively weak affinity for MDM2. There is significant room for improvement.
- The sequence does not include any stapling sites, which are required to stabilize the helical conformation.

2. Suggested refinements for the next iteration:
- Incorporate known MDM2-binding motifs from the p53 transactivation domain, such as FSDLWKLL or LSPLPSQA.
- Include stapling amino acids (e.g., (S)-2-(4'-pentenyl)alanine) at i, i+4 or i, i+7 positions to create a stapled peptide.
- Maintain a balance of hydrophobic and charged residues to improve solubility and binding.
- Use structure prediction to guide the placement of binding motifs and staple sites.

3. Refined sequence for iteration 2:
Sequence 4:
LTSFXDLWKLLPENNVLSPLPSQAMDDLMLSPDDIEQWFXTDPGPDEAAA
Rationale: Based on the p53 TAD sequence (residues 18-26) with an added staple at F19, D23. C-terminus extended with soluble Asp and Ala residues to reach 50aa.

X = Stapling amino acid, e.g., (S)-2-(4'-pentenyl)alanine

Next steps:
- Predict the structure of Sequence 4 and assess its potential binding to MDM2.
- If promising, synthesize and experimentally test the stapled peptide for helicity and MDM2 binding.
- In parallel, design additional sequences that incorporate other MDM2-binding motifs or staple positions.

The iterative process of design, testing, and refinement should lead us closer to the goal of a high-affinity MDM2-binding stapled peptide. Let me know if you have any other questions!
2025-05-17 16:07:18,304 - agent - INFO - Async LLM query completed successfully
2025-05-17 16:07:18,305 - __main__ - DEBUG - Sending update for request_id: 7864bb68-ed4a-4942-9625-da91a0d9087e
2025-05-17 16:07:18,305 - __main__ - DEBUG - Update content: {'type': 'response', 'content': "Thank you for sharing the results from the first iteration of protein design. Let's analyze the outcomes and plan our next steps:\n\n1. Analysis of iteration 1:\n- The tested sequence ALELAELALELAELALELAELALELAELALELAELALELAELALELAEL is composed entirely of alanine (A), leucine (L), and glutamic acid (E) residues. While this sequence may form an Î±-helix due to the high content of helix-favoring alanine and leucine, it lacks specific binding motifs for MDM2.\n- The binding score of 0.55 suggests relatively weak affinity for MDM2. There is significant room for improvement.\n- The sequence does not include any stapling sites, which are required to stabilize the helical conformation.\n\n2. Suggested refinements for the next iteration:\n- Incorporate known MDM2-binding motifs from the p53 transactivation domain, such as FSDLWKLL or LSPLPSQA.\n- Include stapling amino acids (e.g., (S)-2-(4'-pentenyl)alanine) at i, i+4 or i, i+7 positions to create a stapled peptide.\n- Maintain a balance of hydrophobic and charged residues to improve solubility and binding.\n- Use structure prediction to guide the placement of binding motifs and staple sites.\n\n3. Refined sequence for iteration 2:\nSequence 4:\nLTSFXDLWKLLPENNVLSPLPSQAMDDLMLSPDDIEQWFXTDPGPDEAAA\nRationale: Based on the p53 TAD sequence (residues 18-26) with an added staple at F19, D23. C-terminus extended with soluble Asp and Ala residues to reach 50aa.\n\nX = Stapling amino acid, e.g., (S)-2-(4'-pentenyl)alanine\n\nNext steps:\n- Predict the structure of Sequence 4 and assess its potential binding to MDM2.\n- If promising, synthesize and experimentally test the stapled peptide for helicity and MDM2 binding.\n- In parallel, design additional sequences that incorporate other MDM2-binding motifs or staple positions.\n\nThe iterative process of design, testing, and refinement should lead us closer to the goal of a high-affinity MDM2-binding stapled peptide. Let me know if you have any other questions!", 'data': {'stage': 'refinement', 'response_type': 'iteration_analysis', 'iteration': 1}}
2025-05-17 16:07:18,306 - agent - DEBUG - Extracting sequences from text (first 100 chars): Thank you for sharing the results from the first iteration of protein design. Let's analyze the outc...
2025-05-17 16:07:18,306 - agent - DEBUG - Extracted 0 sequences: []
2025-05-17 16:07:18,306 - agent - WARNING - No new sequences found, keeping current sequences
2025-05-17 16:07:18,306 - agent - INFO - Yielding current best results
2025-05-17 16:07:18,306 - agent - DEBUG - Generating current rationale
2025-05-17 16:07:18,306 - agent - DEBUG - Generated rationale: Current Design Analysis:

1. Best Sequence: ALELAELALELAELALELAELALELAELALELAELALELAELALELAEL
2. Binding Score: 0.55
3. Iteration: 1/3

Design Strategy:
- Focused on optimizing binding affinity
- Iteratively refined sequence based on structural predictions
- Maintained key functional residues while exploring variations

Next Steps:
- Consider additional mutations for improved binding
- Evaluate structural stability
- Plan experimental validation
2025-05-17 16:07:18,307 - __main__ - DEBUG - Sending update for request_id: 7864bb68-ed4a-4942-9625-da91a0d9087e
2025-05-17 16:07:18,307 - __main__ - DEBUG - Update content: {'type': 'design_results', 'content': '=== DESIGN RESULTS ===', 'data': {'sequence': 'ALELAELALELAELALELAELALELAELALELAELALELAELALELAEL', 'binding_score': 0.55, 'iteration': 1, 'rationale': 'Current Design Analysis:\n\n1. Best Sequence: ALELAELALELAELALELAELALELAELALELAELALELAELALELAEL\n2. Binding Score: 0.55\n3. Iteration: 1/3\n\nDesign Strategy:\n- Focused on optimizing binding affinity\n- Iteratively refined sequence based on structural predictions\n- Maintained key functional residues while exploring variations\n\nNext Steps:\n- Consider additional mutations for improved binding\n- Evaluate structural stability\n- Plan experimental validation'}}
2025-05-17 16:07:18,307 - agent - INFO - Starting iteration 2/3
2025-05-17 16:07:18,307 - __main__ - DEBUG - Sending update for request_id: 7864bb68-ed4a-4942-9625-da91a0d9087e
2025-05-17 16:07:18,307 - __main__ - DEBUG - Update content: {'type': 'iteration', 'content': 'Starting iteration 2/3', 'data': {'iteration': 2, 'total_iterations': 3, 'status': 'in_progress'}}
2025-05-17 16:07:18,308 - agent - INFO - Predicting structure for sequence: ALELAELALE...
2025-05-17 16:07:18,308 - agent - DEBUG - [91m[ProteinDesignAgent] STRUCTURE PREDICTION for: ALELAELALE...[0m
2025-05-17 16:07:18,308 - agent - DEBUG - Simulating structure prediction
2025-05-17 16:07:18,308 - agent - DEBUG - [92m[ProteinDesignAgent] Structure prediction complete with confidence: 0.8[0m
2025-05-17 16:07:18,308 - agent - DEBUG - Structure result: {'sequence': 'ALELAELALELAELALELAELALELAELALELAELALELAELALELAEL', 'pdb_url': 'https://example.com/pdb/2.pdb', 'confidence': 0.8, 'visualization_url': 'https://example.com/viz/2.png'}
2025-05-17 16:07:18,308 - agent - INFO - Predicting binding for sequence: ALELAELALE... with target: MDM2
2025-05-17 16:07:18,308 - agent - DEBUG - [91m[ProteinDesignAgent] BINDING PREDICTION for: ALELAELALE... to MDM2[0m
2025-05-17 16:07:18,308 - agent - DEBUG - Simulating binding prediction
2025-05-17 16:07:18,309 - agent - DEBUG - [92m[ProteinDesignAgent] Binding prediction complete, score: 0.60[0m
2025-05-17 16:07:18,309 - agent - INFO - Binding prediction complete with score: 0.6
2025-05-17 16:07:18,309 - __main__ - DEBUG - Sending update for request_id: 7864bb68-ed4a-4942-9625-da91a0d9087e
2025-05-17 16:07:18,309 - __main__ - DEBUG - Update content: {'type': 'iteration_results', 'content': 'Completed iteration 2', 'data': {'iteration': 2, 'results': [{'sequence': 'ALELAELALELAELALELAELALELAELALELAELALELAELALELAEL', 'structure': {'sequence': 'ALELAELALELAELALELAELALELAELALELAELALELAELALELAEL', 'pdb_url': 'https://example.com/pdb/2.pdb', 'confidence': 0.8, 'visualization_url': 'https://example.com/viz/2.png'}, 'binding_score': 0.6}], 'best_sequence': 'ALELAELALELAELALELAELALELAELALELAELALELAELALELAEL', 'best_score': 0.6}}
2025-05-17 16:07:18,309 - __main__ - DEBUG - Sending update for request_id: 7864bb68-ed4a-4942-9625-da91a0d9087e
2025-05-17 16:07:18,309 - __main__ - DEBUG - Update content: {'type': 'prompt', 'content': "\n                I've completed iteration 2 of the protein design process.\n                \n                Results:\n                - Sequences tested: 1\n                - Best binding score: 0.60\n                - Best sequence so far: ALELAELALELAELALELAELALELAELALELAELALELAELALELAEL\n                \n                Based on these results, please:\n                1. Analyze what's working and what could be improved\n                2. Suggest refinements to make for the next iteration\n                3. Generate 1 new refined sequences that might perform better\n                \n                Remember that the goal is to design a 50â€‘aa stapled Î±â€‘helix that binds MDM2\n                ", 'data': {'stage': 'refinement', 'prompt_type': 'iteration_analysis', 'iteration': 2}}
2025-05-17 16:07:18,309 - agent - INFO - Querying LLM asynchronously
2025-05-17 16:07:18,309 - agent - DEBUG - Using 4 messages from history
2025-05-17 16:07:18,310 - agent - DEBUG - Getting system prompt
2025-05-17 16:07:18,310 - agent - DEBUG - Making async API call to Claude
2025-05-17 16:07:24,685 - __main__ - INFO - Received stop request for agent 7864bb68-ed4a-4942-9625-da91a0d9087e
2025-05-17 16:07:24,685 - __main__ - INFO - Stop flag set for agent 7864bb68-ed4a-4942-9625-da91a0d9087e
2025-05-17 16:07:39,206 - agent - DEBUG - Received async response: I noticed that the sequence tested in iteration 2 (ALELAELALELAELALELAELALELAELALELAELALELAELALELAEL) is identical to the one from iteration 1. Given that no changes were made, it's not surprising that the binding score only marginally improved from 0.55 to 0.60. To make meaningful progress, we need to incorporate the refinements suggested in the previous analysis.

1. Analysis of iteration 2:
- The sequence still lacks specific MDM2-binding motifs, which are crucial for achieving high affinity.
- There are no stapling sites present to stabilize the helical conformation.
- The slight improvement in binding score may be due to random chance or noise in the assay.

2. Refinements for the next iteration:
- Incorporate the p53 TAD-derived MDM2-binding motif FSDLWKLL identified in the previous analysis.
- Add stapling amino acids at positions i, i+4 to create a stapled peptide.
- Vary the position and composition of the flanking sequences to optimize solubility and binding.
- Use computational tools to predict the structure and binding of the designed sequences.

3. Refined sequence for iteration 3:
Sequence 5:
AAALTXFSDLWKLLXENNVAAAPETALSPDDIEQLARRGPDEAAAAAAAA
Rationale: Incorporates the FSDLWKLL binding motif with a staple at T5, L9. Flanking sequences modified to include solubilizing Ala, Arg, and Asp residues. Glu removed to avoid potential clashes with MDM2.

X = Stapling amino acid, e.g., (S)-2-(4'-pentenyl)alanine

Next steps:
- Predict the structure of Sequence 5 and assess its binding to MDM2 using molecular modeling.
- If the predicted binding looks promising, proceed with synthesis and experimental testing.
- In parallel, design additional sequences that vary the staple position or incorporate other MDM2-binding motifs (e.g., LSPLPSQA).
- Consider using directed evolution or rational design to further optimize the lead sequences.

Remember, the key to success is learning from each iteration and making informed changes to the design. By incorporating known binding motifs, stabilizing staples, and optimizing the flanking sequences, we should be able to create a high-affinity MDM2 binder. Let me know if you have any other questions!
2025-05-17 16:07:39,207 - agent - INFO - Async LLM query completed successfully
2025-05-17 16:07:39,207 - __main__ - DEBUG - Sending update for request_id: 7864bb68-ed4a-4942-9625-da91a0d9087e
2025-05-17 16:07:39,208 - __main__ - DEBUG - Update content: {'type': 'response', 'content': "I noticed that the sequence tested in iteration 2 (ALELAELALELAELALELAELALELAELALELAELALELAELALELAEL) is identical to the one from iteration 1. Given that no changes were made, it's not surprising that the binding score only marginally improved from 0.55 to 0.60. To make meaningful progress, we need to incorporate the refinements suggested in the previous analysis.\n\n1. Analysis of iteration 2:\n- The sequence still lacks specific MDM2-binding motifs, which are crucial for achieving high affinity.\n- There are no stapling sites present to stabilize the helical conformation.\n- The slight improvement in binding score may be due to random chance or noise in the assay.\n\n2. Refinements for the next iteration:\n- Incorporate the p53 TAD-derived MDM2-binding motif FSDLWKLL identified in the previous analysis.\n- Add stapling amino acids at positions i, i+4 to create a stapled peptide.\n- Vary the position and composition of the flanking sequences to optimize solubility and binding.\n- Use computational tools to predict the structure and binding of the designed sequences.\n\n3. Refined sequence for iteration 3:\nSequence 5:\nAAALTXFSDLWKLLXENNVAAAPETALSPDDIEQLARRGPDEAAAAAAAA\nRationale: Incorporates the FSDLWKLL binding motif with a staple at T5, L9. Flanking sequences modified to include solubilizing Ala, Arg, and Asp residues. Glu removed to avoid potential clashes with MDM2.\n\nX = Stapling amino acid, e.g., (S)-2-(4'-pentenyl)alanine\n\nNext steps:\n- Predict the structure of Sequence 5 and assess its binding to MDM2 using molecular modeling.\n- If the predicted binding looks promising, proceed with synthesis and experimental testing.\n- In parallel, design additional sequences that vary the staple position or incorporate other MDM2-binding motifs (e.g., LSPLPSQA).\n- Consider using directed evolution or rational design to further optimize the lead sequences.\n\nRemember, the key to success is learning from each iteration and making informed changes to the design. By incorporating known binding motifs, stabilizing staples, and optimizing the flanking sequences, we should be able to create a high-affinity MDM2 binder. Let me know if you have any other questions!", 'data': {'stage': 'refinement', 'response_type': 'iteration_analysis', 'iteration': 2}}
2025-05-17 16:07:39,208 - __main__ - ERROR - Error in WebSocket connection for request_id 7864bb68-ed4a-4942-9625-da91a0d9087e: 
Traceback (most recent call last):
  File "/Users/virajkacker/miniconda3/lib/python3.12/site-packages/websockets/legacy/protocol.py", line 1301, in close_connection
    await self.transfer_data_task
  File "/Users/virajkacker/miniconda3/lib/python3.12/site-packages/websockets/legacy/protocol.py", line 963, in transfer_data
    message = await self.read_message()
              ^^^^^^^^^^^^^^^^^^^^^^^^^
  File "/Users/virajkacker/miniconda3/lib/python3.12/site-packages/websockets/legacy/protocol.py", line 1033, in read_message
    frame = await self.read_data_frame(max_size=self.max_size)
            ^^^^^^^^^^^^^^^^^^^^^^^^^^^^^^^^^^^^^^^^^^^^^^^^^^
  File "/Users/virajkacker/miniconda3/lib/python3.12/site-packages/websockets/legacy/protocol.py", line 1108, in read_data_frame
    frame = await self.read_frame(max_size)
            ^^^^^^^^^^^^^^^^^^^^^^^^^^^^^^^
  File "/Users/virajkacker/miniconda3/lib/python3.12/site-packages/websockets/legacy/protocol.py", line 1165, in read_frame
    frame = await Frame.read(
            ^^^^^^^^^^^^^^^^^
  File "/Users/virajkacker/miniconda3/lib/python3.12/site-packages/websockets/legacy/framing.py", line 68, in read
    data = await reader(2)
           ^^^^^^^^^^^^^^^
  File "/Users/virajkacker/miniconda3/lib/python3.12/asyncio/streams.py", line 752, in readexactly
    await self._wait_for_data('readexactly')
  File "/Users/virajkacker/miniconda3/lib/python3.12/asyncio/streams.py", line 545, in _wait_for_data
    await self._waiter
asyncio.exceptions.CancelledError

The above exception was the direct cause of the following exception:

Traceback (most recent call last):
  File "/Users/virajkacker/miniconda3/lib/python3.12/site-packages/uvicorn/protocols/websockets/websockets_impl.py", line 349, in asgi_send
    await self.send(data)  # type: ignore[arg-type]
    ^^^^^^^^^^^^^^^^^^^^^
  File "/Users/virajkacker/miniconda3/lib/python3.12/site-packages/websockets/legacy/protocol.py", line 635, in send
    await self.ensure_open()
  File "/Users/virajkacker/miniconda3/lib/python3.12/site-packages/websockets/legacy/protocol.py", line 939, in ensure_open
    raise self.connection_closed_exc()
websockets.exceptions.ConnectionClosedError: sent 1012 (service restart); no close frame received

The above exception was the direct cause of the following exception:

Traceback (most recent call last):
  File "/Users/virajkacker/miniconda3/lib/python3.12/site-packages/starlette/websockets.py", line 88, in send
    await self._send(message)
  File "/Users/virajkacker/miniconda3/lib/python3.12/site-packages/starlette/_exception_handler.py", line 50, in sender
    await send(message)
  File "/Users/virajkacker/miniconda3/lib/python3.12/site-packages/uvicorn/protocols/websockets/websockets_impl.py", line 365, in asgi_send
    raise ClientDisconnected from exc
uvicorn.protocols.utils.ClientDisconnected

During handling of the above exception, another exception occurred:

Traceback (most recent call last):
  File "/Users/virajkacker/MCP_HACKATHON/mcp_scientist/api/main.py", line 159, in stream_updates
    await websocket.send_json(update)
  File "/Users/virajkacker/miniconda3/lib/python3.12/site-packages/starlette/websockets.py", line 179, in send_json
    await self.send({"type": "websocket.send", "text": text})
  File "/Users/virajkacker/miniconda3/lib/python3.12/site-packages/starlette/websockets.py", line 91, in send
    raise WebSocketDisconnect(code=1006)
starlette.websockets.WebSocketDisconnect
2025-05-17 16:07:39,214 - __main__ - ERROR - Failed to send error message to client
Traceback (most recent call last):
  File "/Users/virajkacker/miniconda3/lib/python3.12/site-packages/websockets/legacy/protocol.py", line 1301, in close_connection
    await self.transfer_data_task
  File "/Users/virajkacker/miniconda3/lib/python3.12/site-packages/websockets/legacy/protocol.py", line 963, in transfer_data
    message = await self.read_message()
              ^^^^^^^^^^^^^^^^^^^^^^^^^
  File "/Users/virajkacker/miniconda3/lib/python3.12/site-packages/websockets/legacy/protocol.py", line 1033, in read_message
    frame = await self.read_data_frame(max_size=self.max_size)
            ^^^^^^^^^^^^^^^^^^^^^^^^^^^^^^^^^^^^^^^^^^^^^^^^^^
  File "/Users/virajkacker/miniconda3/lib/python3.12/site-packages/websockets/legacy/protocol.py", line 1108, in read_data_frame
    frame = await self.read_frame(max_size)
            ^^^^^^^^^^^^^^^^^^^^^^^^^^^^^^^
  File "/Users/virajkacker/miniconda3/lib/python3.12/site-packages/websockets/legacy/protocol.py", line 1165, in read_frame
    frame = await Frame.read(
            ^^^^^^^^^^^^^^^^^
  File "/Users/virajkacker/miniconda3/lib/python3.12/site-packages/websockets/legacy/framing.py", line 68, in read
    data = await reader(2)
           ^^^^^^^^^^^^^^^
  File "/Users/virajkacker/miniconda3/lib/python3.12/asyncio/streams.py", line 752, in readexactly
    await self._wait_for_data('readexactly')
  File "/Users/virajkacker/miniconda3/lib/python3.12/asyncio/streams.py", line 545, in _wait_for_data
    await self._waiter
asyncio.exceptions.CancelledError

The above exception was the direct cause of the following exception:

Traceback (most recent call last):
  File "/Users/virajkacker/miniconda3/lib/python3.12/site-packages/uvicorn/protocols/websockets/websockets_impl.py", line 349, in asgi_send
    await self.send(data)  # type: ignore[arg-type]
    ^^^^^^^^^^^^^^^^^^^^^
  File "/Users/virajkacker/miniconda3/lib/python3.12/site-packages/websockets/legacy/protocol.py", line 635, in send
    await self.ensure_open()
  File "/Users/virajkacker/miniconda3/lib/python3.12/site-packages/websockets/legacy/protocol.py", line 939, in ensure_open
    raise self.connection_closed_exc()
websockets.exceptions.ConnectionClosedError: sent 1012 (service restart); no close frame received

The above exception was the direct cause of the following exception:

Traceback (most recent call last):
  File "/Users/virajkacker/miniconda3/lib/python3.12/site-packages/starlette/websockets.py", line 88, in send
    await self._send(message)
  File "/Users/virajkacker/miniconda3/lib/python3.12/site-packages/starlette/_exception_handler.py", line 50, in sender
    await send(message)
  File "/Users/virajkacker/miniconda3/lib/python3.12/site-packages/uvicorn/protocols/websockets/websockets_impl.py", line 365, in asgi_send
    raise ClientDisconnected from exc
uvicorn.protocols.utils.ClientDisconnected

During handling of the above exception, another exception occurred:

Traceback (most recent call last):
  File "/Users/virajkacker/MCP_HACKATHON/mcp_scientist/api/main.py", line 159, in stream_updates
    await websocket.send_json(update)
  File "/Users/virajkacker/miniconda3/lib/python3.12/site-packages/starlette/websockets.py", line 179, in send_json
    await self.send({"type": "websocket.send", "text": text})
  File "/Users/virajkacker/miniconda3/lib/python3.12/site-packages/starlette/websockets.py", line 91, in send
    raise WebSocketDisconnect(code=1006)
starlette.websockets.WebSocketDisconnect

During handling of the above exception, another exception occurred:

Traceback (most recent call last):
  File "/Users/virajkacker/MCP_HACKATHON/mcp_scientist/api/main.py", line 182, in stream_updates
    await websocket.send_json({
  File "/Users/virajkacker/miniconda3/lib/python3.12/site-packages/starlette/websockets.py", line 179, in send_json
    await self.send({"type": "websocket.send", "text": text})
  File "/Users/virajkacker/miniconda3/lib/python3.12/site-packages/starlette/websockets.py", line 93, in send
    raise RuntimeError('Cannot call "send" once a close message has been sent.')
RuntimeError: Cannot call "send" once a close message has been sent.
2025-05-17 16:07:39,216 - __main__ - INFO - Cleaning up WebSocket connection for request_id: 7864bb68-ed4a-4942-9625-da91a0d9087e
2025-05-17 16:07:39,216 - __main__ - INFO - Remaining active connections: 0
2025-05-17 16:07:39,216 - __main__ - ERROR - Failed to close WebSocket connection
Traceback (most recent call last):
  File "/Users/virajkacker/MCP_HACKATHON/mcp_scientist/api/main.py", line 198, in stream_updates
    await websocket.close()
  File "/Users/virajkacker/miniconda3/lib/python3.12/site-packages/starlette/websockets.py", line 184, in close
    await self.send(
  File "/Users/virajkacker/miniconda3/lib/python3.12/site-packages/starlette/websockets.py", line 93, in send
    raise RuntimeError('Cannot call "send" once a close message has been sent.')
RuntimeError: Cannot call "send" once a close message has been sent.
2025-05-17 16:07:39,217 - __main__ - INFO - WebSocket connection closed for request_id: 7864bb68-ed4a-4942-9625-da91a0d9087e
2025-05-17 16:07:39,217 - agent - INFO - Cleaning up process_request state
